<?xml version="1.0" encoding="UTF-8"?>
<!-- Generated by org.testng.reporters.JUnitReportReporter -->
<testsuite hostname="DESKTOP-IJC5FJ8" failures="0" tests="3" name="firstTestNGPackage.FirstTestNGfile$WithOutPriority" time="0.080" errors="0" timestamp="2022-08-17T11:24:25 AST" skipped="0">
  <testcase classname="firstTestNGPackage.FirstTestNGfile$WithOutPriority" name="c" time="0.065"/>
  <system-out/>
  <testcase classname="firstTestNGPackage.FirstTestNGfile$WithOutPriority" name="b" time="0.005"/>
  <system-out/>
  <testcase classname="firstTestNGPackage.FirstTestNGfile$WithOutPriority" name="z" time="0.010"/>
  <system-out/>
</testsuite> <!-- firstTestNGPackage.FirstTestNGfile$WithOutPriority -->
